#
# A fatal error has been detected by the Java Runtime Environment:
#
#  EXCEPTION_ACCESS_VIOLATION (0xc0000005) at pc=0x00007ffbe6d526c4, pid=27240, tid=18012
#
# JRE version: OpenJDK Runtime Environment (24.0.1+9) (build 24.0.1+9-30)
# Java VM: OpenJDK 64-Bit Server VM (24.0.1+9-30, mixed mode, sharing, tiered, compressed oops, compressed class ptrs, g1 gc, windows-amd64)
# Problematic frame:
# C  [libasyncProfiler.dll+0x926c4]
#
# No core dump will be written. Minidumps are not enabled by default on client versions of Windows
#
# JFR recording file will be written. Location: D:\Study_2025\hs_err_pid27240.jfr
#
# If you would like to submit a bug report, please visit:
#   https://bugreport.java.com/bugreport/crash.jsp
# The crash happened outside the Java Virtual Machine in native code.
# See problematic frame for where to report the bug.
#

---------------  S U M M A R Y ------------

Command Line: -javaagent:C:\Program Files\JetBrains\IntelliJ IDEA 2025.1.1.1\lib\idea_rt.jar=7610 -agentpath:C:\Users\woz\AppData\Local\Temp\idea_libasyncProfiler_dll_temp_folder\libasyncProfiler.dll=start,jfr,event=wall,interval=10ms,jfrsync=profile,cstack=no,file=C:\Users\woz\IdeaSnapshots\week1_1_2025_05_25_022123.jfr,dbghelppath=C:\Users\woz\AppData\Local\Temp\idea_dbghelp_dll_temp_folder\dbghelp.dll,log=C:\Users\woz\AppData\Local\Temp\week1_1_2025_05_25_022123.jfr.log.txt,logLevel=DEBUG -Dfile.encoding=UTF-8 -Dsun.stdout.encoding=UTF-8 -Dsun.stderr.encoding=UTF-8 HWjava.week1_1

Host: AMD Ryzen 5 2600X Six-Core Processor           , 12 cores, 31G,  Windows 10 , 64 bit Build 19041 (10.0.19041.5794)
Time: Sun May 25 02:21:24 2025  Windows 10 , 64 bit Build 19041 (10.0.19041.5794) elapsed time: 0.541669 seconds (0d 0h 0m 0s)

---------------  T H R E A D  ---------------

Current thread (0x0000019c7d5190c0):  JavaThread "main"             [_thread_in_native, id=18012, stack(0x0000000361e00000,0x0000000361f00000) (1024K)]

Stack: [0x0000000361e00000,0x0000000361f00000],  sp=0x0000000361efe980,  free space=1018k
Native frames: (J=compiled Java code, j=interpreted, Vv=VM code, C=native code)
C  [libasyncProfiler.dll+0x926c4]  (no source info available)
C  [libasyncProfiler.dll+0x92b9b]  (no source info available)
C  [libasyncProfiler.dll+0x917f4]  (no source info available)
C  [libasyncProfiler.dll+0x9206a]  (no source info available)
C  [libasyncProfiler.dll+0x8cc21]  (no source info available)
C  [libasyncProfiler.dll+0x7e5e1]  (no source info available)
C  [libasyncProfiler.dll+0x7d2f8]  (no source info available)
C  [libasyncProfiler.dll+0x7d1e0]  (no source info available)
C  [libasyncProfiler.dll+0x832fc]  (no source info available)
V  [jvm.dll+0x5e38de]  (no source info available)
V  [jvm.dll+0x886056]  (no source info available)
V  [jvm.dll+0x495f3e]  (no source info available)
V  [jvm.dll+0x497d11]  (no source info available)
C  [jli.dll+0x52a1]  (no source info available)
C  [ucrtbase.dll+0x21bb2]  (no source info available)
C  [KERNEL32.DLL+0x17374]  (no source info available)
C  [ntdll.dll+0x4cc91]  (no source info available)


siginfo: EXCEPTION_ACCESS_VIOLATION (0xc0000005), reading address 0xffffffffffffffff


Registers:
RAX=0x0000000000000010, RBX=0x0000000000000000, RCX=0xffffffffffffffff, RDX=0x007ffb9117300010
RSP=0x0000000361efe980, RBP=0x0000019c23481b28, RSI=0x0000000361efeaf0, RDI=0x0000019c23481b28
R8 =0x0000000000000042, R9 =0x0000000620801ed8, R10=0x00007ffb913e9fb0, R11=0x0000000000000002
R12=0x0000000361efeaf0, R13=0x0000019c7d9e0720, R14=0x0000019c7d519488, R15=0x0000019c7d519488
RIP=0x00007ffbe6d526c4, EFLAGS=0x0000000000010202

XMM[0]=0x0000000000000000 0x0000000000000000
XMM[1]=0x0000000000000000 0x0000000000000000
XMM[2]=0x0000000000000000 0x0000000000000000
XMM[3]=0x0000000000000000 0x0000000000000000
XMM[4]=0x0000000000000000 0x0000000000000000
XMM[5]=0x0000000000000000 0x0000000000000000
XMM[6]=0x0000000000000000 0x0000000000000000
XMM[7]=0x0000000000000000 0x0000000000000000
XMM[8]=0x0000000000000000 0x0000000000000000
XMM[9]=0x0000000000000000 0x0000000000000000
XMM[10]=0x0000000000000000 0x0000000000000000
XMM[11]=0x0000000000000000 0x0000000000000000
XMM[12]=0x0000000000000000 0x0000000000000000
XMM[13]=0x0000000000000000 0x0000000000000000
XMM[14]=0x0000000000000000 0x0000000000000000
XMM[15]=0x0000000000000000 0x0000000000000000
  MXCSR=0x00001fa0


Register to memory mapping:

RAX=0x0000000000000010 is an unknown value
RBX=0x0 is null
RCX=0xffffffffffffffff is an unknown value
RDX=0x007ffb9117300010 is an unknown value
RSP=0x0000000361efe980 is pointing into the stack for thread: 0x0000019c7d5190c0
RBP=0x0000019c23481b28 points into unknown readable memory: 0x0000000620801ed8 | d8 1e 80 20 06 00 00 00
RSI=0x0000000361efeaf0 is pointing into the stack for thread: 0x0000019c7d5190c0
RDI=0x0000019c23481b28 points into unknown readable memory: 0x0000000620801ed8 | d8 1e 80 20 06 00 00 00
R8 =0x0000000000000042 is an unknown value
R9 =0x0000000620801ed8 is an oop: java.lang.Thread 
{0x0000000620801ed8} - klass: 'java/lang/Thread' - flags: 

 - ---- fields (total size 14 words):
 - 'threadLocalRandomProbe' 'I' @12  0 (0x00000000)
 - private volatile 'eetop' 'J' @16  1771629023424 (0x0000019c7d5190c0)
 - private final 'tid' 'J' @24  3 (0x0000000000000003)
 - 'threadLocalRandomSeed' 'J' @32  0 (0x0000000000000000)
 - injected 'jvmti_thread_state' 'J' @40  1771634010272 (0x0000019c7d9da8a0)
 - 'threadLocalRandomSecondarySeed' 'I' @48  0 (0x00000000)
 - injected 'jvmti_VTMS_transition_disable_count' 'I' @52  0 (0x00000000)
 - injected 'jfr_epoch' 'S' @56  0 (0x0000)
 - volatile 'interrupted' 'Z' @58  false (0x00)
 - injected 'jvmti_is_in_VTMS_transition' 'Z' @59  false (0x00)
 - private volatile 'name' 'Ljava/lang/String;' @60  "main"{0x0000000620801f48} (0xc41003e9)
 - private volatile 'contextClassLoader' 'Ljava/lang/ClassLoader;' @64  a 'jdk/internal/loader/ClassLoaders$AppClassLoader'{0x0000000620813438} (0xc4102687)
 - private final 'holder' 'Ljava/lang/Thread$FieldHolder;' @68  a 'java/lang/Thread$FieldHolder'{0x0000000620801f88} (0xc41003f1)
 - 'threadLocals' 'Ljava/lang/ThreadLocal$ThreadLocalMap;' @72  a 'java/lang/ThreadLocal$ThreadLocalMap'{0x0000000620411ea0} (0xc40823d4)
 - 'inheritableThreadLocals' 'Ljava/lang/ThreadLocal$ThreadLocalMap;' @76  null (0x00000000)
 - private 'scopedValueBindings' 'Ljava/lang/Object;' @80  a 'java/lang/Class'{0x00000007ffc7c258} = 'java/lang/Thread' (0xfff8f84b)
 - final 'interruptLock' 'Ljava/lang/Object;' @84  a 'java/lang/Object'{0x0000000620801f78} (0xc41003ef)
 - private volatile 'parkBlocker' 'Ljava/lang/Object;' @88  null (0x00000000)
 - private 'nioBlocker' 'Lsun/nio/ch/Interruptible;' @92  null (0x00000000)
 - private 'cont' 'Ljdk/internal/vm/Continuation;' @96  null (0x00000000)
 - private volatile 'uncaughtExceptionHandler' 'Ljava/lang/Thread$UncaughtExceptionHandler;' @100  null (0x00000000)
 - private 'container' 'Ljdk/internal/vm/ThreadContainer;' @104  null (0x00000000)
 - private volatile 'headStackableScopes' 'Ljdk/internal/vm/StackableScope;' @108  null (0x00000000)
R10=0x00007ffb913e9fb0 jvm.dll
R11=0x0000000000000002 is an unknown value
R12=0x0000000361efeaf0 is pointing into the stack for thread: 0x0000019c7d5190c0
R13=0x0000019c7d9e0720 points into unknown readable memory: 0x00007ffb9135a510 | 10 a5 35 91 fb 7f 00 00
R14=0x0000019c7d519488 points into unknown readable memory: 0x00007ffb913517b0 | b0 17 35 91 fb 7f 00 00
R15=0x0000019c7d519488 points into unknown readable memory: 0x00007ffb913517b0 | b0 17 35 91 fb 7f 00 00

Top of Stack: (sp=0x0000000361efe980)
0x0000000361efe980:   0000000361efeaf0 0000019c23481b28   ...a....(.H#....
0x0000000361efe990:   0000000000000000 0000019c7d519810   ..........Q}....
0x0000000361efe9a0:   000000000000001a 00007ffbe6d52b9b   .........+......
0x0000000361efe9b0:   0000000000000000 0000019c7d519488   ..........Q}....
0x0000000361efe9c0:   0000000361efea01 0000000000000000   ...a............
0x0000000361efe9d0:   0000019c690133a0 00007ffbe6d517f4   .3.i............
0x0000000361efe9e0:   0000000000000000 000000000000001a   ................
0x0000000361efe9f0:   0000000000000000 000000000000001a   ................
0x0000000361efea00:   0000000900000000 0000019c69ea91c0   ...........i....
0x0000000361efea10:   0000019c690133a0 0000019c69013408   .3.i.....4.i....
0x0000000361efea20:   0000019c69013410 00000003000064a4   .4.i.....d......
0x0000000361efea30:   0000000000000000 0000000000000000   ................
0x0000000361efea40:   0000000000000000 00007ffb90bb57d4   .........W......
0x0000000361efea50:   00007ffbe6e94ca0 0000000000006a68   .L......hj......
0x0000000361efea60:   00007ffbe6e94ca0 00000000ffffffff   .L..............
0x0000000361efea70:   0000000000000000 00007ffbe6d5206a   ........j ......
0x0000000361efea80:   0000019c7d519488 0000000000000000   ..Q}............
0x0000000361efea90:   0000000361efeaf9 0000019c7d9e0720   ...a.... ..}....
0x0000000361efeaa0:   0000019c23d9e040 0000000000000000   @..#............
0x0000000361efeab0:   0000019c7b860000 00007ffbe6e3f108   ...{............
0x0000000361efeac0:   0000019c7d519488 00007ffbe6e94ca0   ..Q}.....L......
0x0000000361efead0:   0000000000100000 0000000000001000   ................
0x0000000361efeae0:   0000000361efec88 0000019c7d519488   ...a......Q}....
0x0000000361efeaf0:   0000019c69f7fd40 0000019c69f80080   @..i.......i....
0x0000000361efeb00:   0000019c69f80080 00007ffbe6e94ca0   ...i.....L......
0x0000000361efeb10:   0000000361efec88 0000019c7b690000   ...a......i{....
0x0000000361efeb20:   0000000361efedc0 0000000000008840   ...a....@.......
0x0000000361efeb30:   00007ffbe6e87080 00007ffbe6e94cf0   .p.......L......
0x0000000361efeb40:   0000000000989680 0000000000989680   ................
0x0000000361efeb50:   0000000361efec60 00007ffbe6d4cc21   `..a....!.......
0x0000000361efeb60:   00007ffbe6e94ca0 00007ffbe6e94cf8   .L.......L......
0x0000000361efeb70:   00007ffb00000000 00007ffb00000001   ................

Instructions: (pc=0x00007ffbe6d526c4)
  0x00007ffbe6d525c4:   cc cc cc cc cc cc cc cc cc cc cc cc cc cc cc cc
  0x00007ffbe6d525d4:   cc cc cc cc cc cc cc cc cc cc cc cc cc cc cc cc
  0x00007ffbe6d525e4:   cc cc cc cc cc cc cc cc cc cc cc cc cc cc cc cc
  0x00007ffbe6d525f4:   cc cc cc cc cc cc cc cc cc cc cc cc cc cc cc cc
  0x00007ffbe6d52604:   cc cc cc cc cc cc cc cc cc cc cc cc cc cc cc cc
  0x00007ffbe6d52614:   cc cc cc cc cc cc cc cc cc cc cc cc cc cc cc cc
  0x00007ffbe6d52624:   cc cc cc cc cc cc cc cc cc cc cc cc cc cc cc cc
  0x00007ffbe6d52634:   cc cc cc cc cc cc cc cc cc cc cc cc cc cc cc cc
  0x00007ffbe6d52644:   cc cc cc cc cc cc cc cc cc cc cc cc 40 57 48 83
  0x00007ffbe6d52654:   ec 20 48 8b f9 48 8b 0d 10 28 14 00 48 85 c9 74
  0x00007ffbe6d52664:   20 48 8b 01 48 8d 54 24 38 41 b8 06 00 01 00 4c
  0x00007ffbe6d52674:   8b 48 30 41 ff d1 85 c0 75 07 48 8b 4c 24 38 eb
  0x00007ffbe6d52684:   02 33 c9 4c 8b 05 ea 28 14 00 48 89 5c 24 30 4d
  0x00007ffbe6d52694:   85 c0 74 4a 48 8b 01 48 8b d7 4c 8b 88 28 03 00
  0x00007ffbe6d526a4:   00 41 ff d1 48 85 c0 74 35 48 63 0d f8 e6 13 00
  0x00007ffbe6d526b4:   48 8b 14 01 48 85 d2 74 15 48 63 05 fc e6 13 00
=>0x00007ffbe6d526c4:   8b 04 10 48 8b 5c 24 30 48 83 c4 20 5f c3 b8 ff
  0x00007ffbe6d526d4:   ff ff ff 48 8b 5c 24 30 48 83 c4 20 5f c3 80 3d
  0x00007ffbe6d526e4:   9b 27 14 00 00 bb ff ff ff ff 74 20 4c 8b 0d 31
  0x00007ffbe6d526f4:   24 14 00 4c 8d 44 24 38 48 8b 0d 15 24 14 00 48
  0x00007ffbe6d52704:   8b d7 41 ff d1 85 c0 0f 44 5c 24 38 8b c3 48 8b
  0x00007ffbe6d52714:   5c 24 30 48 83 c4 20 5f c3 cc cc cc cc cc cc cc
  0x00007ffbe6d52724:   cc cc cc cc cc cc cc cc cc cc cc cc cc cc cc cc
  0x00007ffbe6d52734:   cc cc cc cc cc cc cc cc cc cc cc cc cc cc cc cc
  0x00007ffbe6d52744:   cc cc cc cc cc cc cc cc cc cc cc cc 48 89 54 24
  0x00007ffbe6d52754:   10 53 55 56 57 41 56 41 57 48 83 ec 28 48 8b f2
  0x00007ffbe6d52764:   4c 8b f1 48 89 4c 24 78 45 33 ff 44 89 7c 24 68
  0x00007ffbe6d52774:   c7 44 24 60 01 00 00 00 48 8d 4c 24 68 e8 ed 42
  0x00007ffbe6d52784:   f7 ff 8b d8 48 8d 4c 24 60 e8 e1 42 f7 ff 8b e8
  0x00007ffbe6d52794:   49 8b ce e8 00 fc f6 ff 48 8b f8 90 8b c3 f0 0f
  0x00007ffbe6d527a4:   b1 2f 74 04 f3 90 eb f4 4c 89 3e 4c 89 7e 08 4c
  0x00007ffbe6d527b4:   89 7e 10 49 8b 6e 08 4d 8b 76 10 49 3b ee 0f 84


Stack slot to memory mapping:

stack at sp + 0 slots: 0x0000000361efeaf0 is pointing into the stack for thread: 0x0000019c7d5190c0
stack at sp + 1 slots: 0x0000019c23481b28 points into unknown readable memory: 0x0000000620801ed8 | d8 1e 80 20 06 00 00 00
stack at sp + 2 slots: 0x0 is null
stack at sp + 3 slots: 0x0000019c7d519810 points into unknown readable memory: 0x6e616c2e6176616a | 6a 61 76 61 2e 6c 61 6e
stack at sp + 4 slots: 0x000000000000001a is an unknown value
stack at sp + 5 slots: 0x00007ffbe6d52b9b libasyncProfiler.dll
stack at sp + 6 slots: 0x0 is null
stack at sp + 7 slots: 0x0000019c7d519488 points into unknown readable memory: 0x00007ffb913517b0 | b0 17 35 91 fb 7f 00 00

Lock stack of current Java thread (top to bottom):


---------------  P R O C E S S  ---------------

Threads class SMR info:
_java_thread_list=0x0000019c69032d00, length=15, elements={
0x0000019c7d5190c0, 0x0000019c2316e2d0, 0x0000019c2316ffa0, 0x0000019c2317ad90,
0x0000019c2317b4e0, 0x0000019c2317bc30, 0x0000019c2317c380, 0x0000019c231b17b0,
0x0000019c231b6750, 0x0000019c2317a640, 0x0000019c2317d970, 0x0000019c23b8c840,
0x0000019c2317cad0, 0x0000019c69ec1ef0, 0x0000019c69066f80
}

Java Threads: ( => current thread )
=>0x0000019c7d5190c0 JavaThread "main"                              [_thread_in_native, id=18012, stack(0x0000000361e00000,0x0000000361f00000) (1024K)]
  0x0000019c2316e2d0 JavaThread "Reference Handler"          daemon [_thread_blocked, id=23544, stack(0x0000000362600000,0x0000000362700000) (1024K)]
  0x0000019c2316ffa0 JavaThread "Finalizer"                  daemon [_thread_blocked, id=13692, stack(0x0000000362700000,0x0000000362800000) (1024K)]
  0x0000019c2317ad90 JavaThread "Signal Dispatcher"          daemon [_thread_blocked, id=27236, stack(0x0000000362800000,0x0000000362900000) (1024K)]
  0x0000019c2317b4e0 JavaThread "Attach Listener"            daemon [_thread_blocked, id=8424, stack(0x0000000362900000,0x0000000362a00000) (1024K)]
  0x0000019c2317bc30 JavaThread "Service Thread"             daemon [_thread_blocked, id=27340, stack(0x0000000362a00000,0x0000000362b00000) (1024K)]
  0x0000019c2317c380 JavaThread "Monitor Deflation Thread"   daemon [_thread_blocked, id=6600, stack(0x0000000362b00000,0x0000000362c00000) (1024K)]
  0x0000019c231b17b0 JavaThread "C2 CompilerThread0"         daemon [_thread_blocked, id=7692, stack(0x0000000362c00000,0x0000000362d00000) (1024K)]
  0x0000019c231b6750 JavaThread "C1 CompilerThread0"         daemon [_thread_blocked, id=24920, stack(0x0000000362d00000,0x0000000362e00000) (1024K)]
  0x0000019c2317a640 JavaThread "Common-Cleaner"             daemon [_thread_blocked, id=5796, stack(0x0000000362e00000,0x0000000362f00000) (1024K)]
  0x0000019c2317d970 JavaThread "Monitor Ctrl-Break"         daemon [_thread_in_native, id=26708, stack(0x0000000362f00000,0x0000000363000000) (1024K)]
  0x0000019c23b8c840 JavaThread "C2 CompilerThread1"         daemon [_thread_blocked, id=7904, stack(0x0000000363000000,0x0000000363100000) (1024K)]
  0x0000019c2317cad0 JavaThread "JFR Recorder Thread"        daemon [_thread_in_native, id=16824, stack(0x0000000363100000,0x0000000363200000) (1024K)]
  0x0000019c69ec1ef0 JavaThread "C2 CompilerThread2"         daemon [_thread_blocked, id=18536, stack(0x0000000363200000,0x0000000363300000) (1024K)]
  0x0000019c69066f80 JavaThread "JFR Periodic Tasks"         daemon [_thread_blocked, id=25764, stack(0x0000000363300000,0x0000000363400000) (1024K)]
Total: 15

Other Threads:
  0x0000019c23159e20 VMThread "VM Thread"                           [id=26016, stack(0x0000000362500000,0x0000000362600000) (1024K)]
  0x0000019c2314aa00 WatcherThread "VM Periodic Task Thread"        [id=26892, stack(0x0000000362400000,0x0000000362500000) (1024K)]
  0x0000019c7d5c65f0 WorkerThread "GC Thread#0"                     [id=15336, stack(0x0000000361f00000,0x0000000362000000) (1024K)]
  0x0000019c7d5db7d0 ConcurrentGCThread "G1 Main Marker"            [id=27196, stack(0x0000000362000000,0x0000000362100000) (1024K)]
  0x0000019c7d5dda90 WorkerThread "G1 Conc#0"                       [id=10000, stack(0x0000000362100000,0x0000000362200000) (1024K)]
  0x0000019c7d6b9690 ConcurrentGCThread "G1 Refine#0"               [id=27052, stack(0x0000000362200000,0x0000000362300000) (1024K)]
  0x0000019c7d6ba210 ConcurrentGCThread "G1 Service"                [id=19260, stack(0x0000000362300000,0x0000000362400000) (1024K)]
Total: 7

Threads with active compile tasks:
Total: 0

VM state: not at safepoint (normal execution)

VM Mutex/Monitor currently owned by a thread: None

Heap address: 0x0000000600c00000, size: 8180 MB, Compressed Oops mode: Zero based, Oop shift amount: 3

CDS archive(s) mapped at: [0x0000019c24000000-0x0000019c24d40000-0x0000019c24d40000), size 13893632, SharedBaseAddress: 0x0000019c24000000, ArchiveRelocationMode: 1.
Compressed class space mapped at: 0x0000019c25000000-0x0000019c65000000, reserved size: 1073741824
UseCompressedClassPointers 1, UseCompactObjectHeaders 0
Narrow klass pointer bits 32, Max shift 3
Narrow klass base: 0x0000019c24000000, Narrow klass shift: 0
Encoding Range: [0x0000019c24000000 - 0x0000019d24000000), (4294967296 bytes)
Klass Range:    [0x0000019c24000000 - 0x0000019c65000000), (1090519040 bytes)
Klass ID Range:  [8 - 1090519033) (1090519025)

GC Precious Log:
 CardTable entry size: 512
 Card Set container configuration: InlinePtr #cards 4 size 8 Array Of Cards #cards 32 size 80 Howl #buckets 8 coarsen threshold 7372 Howl Bitmap #cards 1024 size 144 coarsen threshold 921 Card regions per heap region 1 cards per card region 8192
 CPUs: 12 total, 12 available
 Memory: 32719M
 Large Page Support: Disabled
 NUMA Support: Disabled
 Compressed Oops: Enabled (Zero based)
 Heap Region Size: 4M
 Heap Min Capacity: 8M
 Heap Initial Capacity: 512M
 Heap Max Capacity: 8180M
 Pre-touch: Disabled
 Parallel Workers: 10
 Concurrent Workers: 3
 Concurrent Refinement Workers: 10
 Periodic GC: Disabled

Heap:
 garbage-first heap   total reserved 8376320K, committed 528384K, used 17520K [0x0000000600c00000, 0x0000000800000000)
  region size 4096K, 5 young (20480K), 0 survivors (0K)
 Metaspace       used 3419K, committed 3584K, reserved 1114112K
  class space    used 302K, committed 384K, reserved 1048576K

Heap Regions: E=young(eden), S=young(survivor), O=old, HS=humongous(starts), HC=humongous(continues), CS=collection set, F=free, TAMS=top-at-mark-start, PB=parsable bottom
|   0|0x0000000600c00000, 0x0000000600c00000, 0x0000000601000000|  0%| F|  |TAMS 0x0000000600c00000| PB 0x0000000600c00000| Untracked |  0
|   1|0x0000000601000000, 0x0000000601000000, 0x0000000601400000|  0%| F|  |TAMS 0x0000000601000000| PB 0x0000000601000000| Untracked |  0
|   2|0x0000000601400000, 0x0000000601400000, 0x0000000601800000|  0%| F|  |TAMS 0x0000000601400000| PB 0x0000000601400000| Untracked |  0
|   3|0x0000000601800000, 0x0000000601800000, 0x0000000601c00000|  0%| F|  |TAMS 0x0000000601800000| PB 0x0000000601800000| Untracked |  0
|   4|0x0000000601c00000, 0x0000000601c00000, 0x0000000602000000|  0%| F|  |TAMS 0x0000000601c00000| PB 0x0000000601c00000| Untracked |  0
|   5|0x0000000602000000, 0x0000000602000000, 0x0000000602400000|  0%| F|  |TAMS 0x0000000602000000| PB 0x0000000602000000| Untracked |  0
|   6|0x0000000602400000, 0x0000000602400000, 0x0000000602800000|  0%| F|  |TAMS 0x0000000602400000| PB 0x0000000602400000| Untracked |  0
|   7|0x0000000602800000, 0x0000000602800000, 0x0000000602c00000|  0%| F|  |TAMS 0x0000000602800000| PB 0x0000000602800000| Untracked |  0
|   8|0x0000000602c00000, 0x0000000602c00000, 0x0000000603000000|  0%| F|  |TAMS 0x0000000602c00000| PB 0x0000000602c00000| Untracked |  0
|   9|0x0000000603000000, 0x0000000603000000, 0x0000000603400000|  0%| F|  |TAMS 0x0000000603000000| PB 0x0000000603000000| Untracked |  0
|  10|0x0000000603400000, 0x0000000603400000, 0x0000000603800000|  0%| F|  |TAMS 0x0000000603400000| PB 0x0000000603400000| Untracked |  0
|  11|0x0000000603800000, 0x0000000603800000, 0x0000000603c00000|  0%| F|  |TAMS 0x0000000603800000| PB 0x0000000603800000| Untracked |  0
|  12|0x0000000603c00000, 0x0000000603c00000, 0x0000000604000000|  0%| F|  |TAMS 0x0000000603c00000| PB 0x0000000603c00000| Untracked |  0
|  13|0x0000000604000000, 0x0000000604000000, 0x0000000604400000|  0%| F|  |TAMS 0x0000000604000000| PB 0x0000000604000000| Untracked |  0
|  14|0x0000000604400000, 0x0000000604400000, 0x0000000604800000|  0%| F|  |TAMS 0x0000000604400000| PB 0x0000000604400000| Untracked |  0
|  15|0x0000000604800000, 0x0000000604800000, 0x0000000604c00000|  0%| F|  |TAMS 0x0000000604800000| PB 0x0000000604800000| Untracked |  0
|  16|0x0000000604c00000, 0x0000000604c00000, 0x0000000605000000|  0%| F|  |TAMS 0x0000000604c00000| PB 0x0000000604c00000| Untracked |  0
|  17|0x0000000605000000, 0x0000000605000000, 0x0000000605400000|  0%| F|  |TAMS 0x0000000605000000| PB 0x0000000605000000| Untracked |  0
|  18|0x0000000605400000, 0x0000000605400000, 0x0000000605800000|  0%| F|  |TAMS 0x0000000605400000| PB 0x0000000605400000| Untracked |  0
|  19|0x0000000605800000, 0x0000000605800000, 0x0000000605c00000|  0%| F|  |TAMS 0x0000000605800000| PB 0x0000000605800000| Untracked |  0
|  20|0x0000000605c00000, 0x0000000605c00000, 0x0000000606000000|  0%| F|  |TAMS 0x0000000605c00000| PB 0x0000000605c00000| Untracked |  0
|  21|0x0000000606000000, 0x0000000606000000, 0x0000000606400000|  0%| F|  |TAMS 0x0000000606000000| PB 0x0000000606000000| Untracked |  0
|  22|0x0000000606400000, 0x0000000606400000, 0x0000000606800000|  0%| F|  |TAMS 0x0000000606400000| PB 0x0000000606400000| Untracked |  0
|  23|0x0000000606800000, 0x0000000606800000, 0x0000000606c00000|  0%| F|  |TAMS 0x0000000606800000| PB 0x0000000606800000| Untracked |  0
|  24|0x0000000606c00000, 0x0000000606c00000, 0x0000000607000000|  0%| F|  |TAMS 0x0000000606c00000| PB 0x0000000606c00000| Untracked |  0
|  25|0x0000000607000000, 0x0000000607000000, 0x0000000607400000|  0%| F|  |TAMS 0x0000000607000000| PB 0x0000000607000000| Untracked |  0
|  26|0x0000000607400000, 0x0000000607400000, 0x0000000607800000|  0%| F|  |TAMS 0x0000000607400000| PB 0x0000000607400000| Untracked |  0
|  27|0x0000000607800000, 0x0000000607800000, 0x0000000607c00000|  0%| F|  |TAMS 0x0000000607800000| PB 0x0000000607800000| Untracked |  0
|  28|0x0000000607c00000, 0x0000000607c00000, 0x0000000608000000|  0%| F|  |TAMS 0x0000000607c00000| PB 0x0000000607c00000| Untracked |  0
|  29|0x0000000608000000, 0x0000000608000000, 0x0000000608400000|  0%| F|  |TAMS 0x0000000608000000| PB 0x0000000608000000| Untracked |  0
|  30|0x0000000608400000, 0x0000000608400000, 0x0000000608800000|  0%| F|  |TAMS 0x0000000608400000| PB 0x0000000608400000| Untracked |  0
|  31|0x0000000608800000, 0x0000000608800000, 0x0000000608c00000|  0%| F|  |TAMS 0x0000000608800000| PB 0x0000000608800000| Untracked |  0
|  32|0x0000000608c00000, 0x0000000608c00000, 0x0000000609000000|  0%| F|  |TAMS 0x0000000608c00000| PB 0x0000000608c00000| Untracked |  0
|  33|0x0000000609000000, 0x0000000609000000, 0x0000000609400000|  0%| F|  |TAMS 0x0000000609000000| PB 0x0000000609000000| Untracked |  0
|  34|0x0000000609400000, 0x0000000609400000, 0x0000000609800000|  0%| F|  |TAMS 0x0000000609400000| PB 0x0000000609400000| Untracked |  0
|  35|0x0000000609800000, 0x0000000609800000, 0x0000000609c00000|  0%| F|  |TAMS 0x0000000609800000| PB 0x0000000609800000| Untracked |  0
|  36|0x0000000609c00000, 0x0000000609c00000, 0x000000060a000000|  0%| F|  |TAMS 0x0000000609c00000| PB 0x0000000609c00000| Untracked |  0
|  37|0x000000060a000000, 0x000000060a000000, 0x000000060a400000|  0%| F|  |TAMS 0x000000060a000000| PB 0x000000060a000000| Untracked |  0
|  38|0x000000060a400000, 0x000000060a400000, 0x000000060a800000|  0%| F|  |TAMS 0x000000060a400000| PB 0x000000060a400000| Untracked |  0
|  39|0x000000060a800000, 0x000000060a800000, 0x000000060ac00000|  0%| F|  |TAMS 0x000000060a800000| PB 0x000000060a800000| Untracked |  0
|  40|0x000000060ac00000, 0x000000060ac00000, 0x000000060b000000|  0%| F|  |TAMS 0x000000060ac00000| PB 0x000000060ac00000| Untracked |  0
|  41|0x000000060b000000, 0x000000060b000000, 0x000000060b400000|  0%| F|  |TAMS 0x000000060b000000| PB 0x000000060b000000| Untracked |  0
|  42|0x000000060b400000, 0x000000060b400000, 0x000000060b800000|  0%| F|  |TAMS 0x000000060b400000| PB 0x000000060b400000| Untracked |  0
|  43|0x000000060b800000, 0x000000060b800000, 0x000000060bc00000|  0%| F|  |TAMS 0x000000060b800000| PB 0x000000060b800000| Untracked |  0
|  44|0x000000060bc00000, 0x000000060bc00000, 0x000000060c000000|  0%| F|  |TAMS 0x000000060bc00000| PB 0x000000060bc00000| Untracked |  0
|  45|0x000000060c000000, 0x000000060c000000, 0x000000060c400000|  0%| F|  |TAMS 0x000000060c000000| PB 0x000000060c000000| Untracked |  0
|  46|0x000000060c400000, 0x000000060c400000, 0x000000060c800000|  0%| F|  |TAMS 0x000000060c400000| PB 0x000000060c400000| Untracked |  0
|  47|0x000000060c800000, 0x000000060c800000, 0x000000060cc00000|  0%| F|  |TAMS 0x000000060c800000| PB 0x000000060c800000| Untracked |  0
|  48|0x000000060cc00000, 0x000000060cc00000, 0x000000060d000000|  0%| F|  |TAMS 0x000000060cc00000| PB 0x000000060cc00000| Untracked |  0
|  49|0x000000060d000000, 0x000000060d000000, 0x000000060d400000|  0%| F|  |TAMS 0x000000060d000000| PB 0x000000060d000000| Untracked |  0
|  50|0x000000060d400000, 0x000000060d400000, 0x000000060d800000|  0%| F|  |TAMS 0x000000060d400000| PB 0x000000060d400000| Untracked |  0
|  51|0x000000060d800000, 0x000000060d800000, 0x000000060dc00000|  0%| F|  |TAMS 0x000000060d800000| PB 0x000000060d800000| Untracked |  0
|  52|0x000000060dc00000, 0x000000060dc00000, 0x000000060e000000|  0%| F|  |TAMS 0x000000060dc00000| PB 0x000000060dc00000| Untracked |  0
|  53|0x000000060e000000, 0x000000060e000000, 0x000000060e400000|  0%| F|  |TAMS 0x000000060e000000| PB 0x000000060e000000| Untracked |  0
|  54|0x000000060e400000, 0x000000060e400000, 0x000000060e800000|  0%| F|  |TAMS 0x000000060e400000| PB 0x000000060e400000| Untracked |  0
|  55|0x000000060e800000, 0x000000060e800000, 0x000000060ec00000|  0%| F|  |TAMS 0x000000060e800000| PB 0x000000060e800000| Untracked |  0
|  56|0x000000060ec00000, 0x000000060ec00000, 0x000000060f000000|  0%| F|  |TAMS 0x000000060ec00000| PB 0x000000060ec00000| Untracked |  0
|  57|0x000000060f000000, 0x000000060f000000, 0x000000060f400000|  0%| F|  |TAMS 0x000000060f000000| PB 0x000000060f000000| Untracked |  0
|  58|0x000000060f400000, 0x000000060f400000, 0x000000060f800000|  0%| F|  |TAMS 0x000000060f400000| PB 0x000000060f400000| Untracked |  0
|  59|0x000000060f800000, 0x000000060f800000, 0x000000060fc00000|  0%| F|  |TAMS 0x000000060f800000| PB 0x000000060f800000| Untracked |  0
|  60|0x000000060fc00000, 0x000000060fc00000, 0x0000000610000000|  0%| F|  |TAMS 0x000000060fc00000| PB 0x000000060fc00000| Untracked |  0
|  61|0x0000000610000000, 0x0000000610000000, 0x0000000610400000|  0%| F|  |TAMS 0x0000000610000000| PB 0x0000000610000000| Untracked |  0
|  62|0x0000000610400000, 0x0000000610400000, 0x0000000610800000|  0%| F|  |TAMS 0x0000000610400000| PB 0x0000000610400000| Untracked |  0
|  63|0x0000000610800000, 0x0000000610800000, 0x0000000610c00000|  0%| F|  |TAMS 0x0000000610800000| PB 0x0000000610800000| Untracked |  0
|  64|0x0000000610c00000, 0x0000000610c00000, 0x0000000611000000|  0%| F|  |TAMS 0x0000000610c00000| PB 0x0000000610c00000| Untracked |  0
|  65|0x0000000611000000, 0x0000000611000000, 0x0000000611400000|  0%| F|  |TAMS 0x0000000611000000| PB 0x0000000611000000| Untracked |  0
|  66|0x0000000611400000, 0x0000000611400000, 0x0000000611800000|  0%| F|  |TAMS 0x0000000611400000| PB 0x0000000611400000| Untracked |  0
|  67|0x0000000611800000, 0x0000000611800000, 0x0000000611c00000|  0%| F|  |TAMS 0x0000000611800000| PB 0x0000000611800000| Untracked |  0
|  68|0x0000000611c00000, 0x0000000611c00000, 0x0000000612000000|  0%| F|  |TAMS 0x0000000611c00000| PB 0x0000000611c00000| Untracked |  0
|  69|0x0000000612000000, 0x0000000612000000, 0x0000000612400000|  0%| F|  |TAMS 0x0000000612000000| PB 0x0000000612000000| Untracked |  0
|  70|0x0000000612400000, 0x0000000612400000, 0x0000000612800000|  0%| F|  |TAMS 0x0000000612400000| PB 0x0000000612400000| Untracked |  0
|  71|0x0000000612800000, 0x0000000612800000, 0x0000000612c00000|  0%| F|  |TAMS 0x0000000612800000| PB 0x0000000612800000| Untracked |  0
|  72|0x0000000612c00000, 0x0000000612c00000, 0x0000000613000000|  0%| F|  |TAMS 0x0000000612c00000| PB 0x0000000612c00000| Untracked |  0
|  73|0x0000000613000000, 0x0000000613000000, 0x0000000613400000|  0%| F|  |TAMS 0x0000000613000000| PB 0x0000000613000000| Untracked |  0
|  74|0x0000000613400000, 0x0000000613400000, 0x0000000613800000|  0%| F|  |TAMS 0x0000000613400000| PB 0x0000000613400000| Untracked |  0
|  75|0x0000000613800000, 0x0000000613800000, 0x0000000613c00000|  0%| F|  |TAMS 0x0000000613800000| PB 0x0000000613800000| Untracked |  0
|  76|0x0000000613c00000, 0x0000000613c00000, 0x0000000614000000|  0%| F|  |TAMS 0x0000000613c00000| PB 0x0000000613c00000| Untracked |  0
|  77|0x0000000614000000, 0x0000000614000000, 0x0000000614400000|  0%| F|  |TAMS 0x0000000614000000| PB 0x0000000614000000| Untracked |  0
|  78|0x0000000614400000, 0x0000000614400000, 0x0000000614800000|  0%| F|  |TAMS 0x0000000614400000| PB 0x0000000614400000| Untracked |  0
|  79|0x0000000614800000, 0x0000000614800000, 0x0000000614c00000|  0%| F|  |TAMS 0x0000000614800000| PB 0x0000000614800000| Untracked |  0
|  80|0x0000000614c00000, 0x0000000614c00000, 0x0000000615000000|  0%| F|  |TAMS 0x0000000614c00000| PB 0x0000000614c00000| Untracked |  0
|  81|0x0000000615000000, 0x0000000615000000, 0x0000000615400000|  0%| F|  |TAMS 0x0000000615000000| PB 0x0000000615000000| Untracked |  0
|  82|0x0000000615400000, 0x0000000615400000, 0x0000000615800000|  0%| F|  |TAMS 0x0000000615400000| PB 0x0000000615400000| Untracked |  0
|  83|0x0000000615800000, 0x0000000615800000, 0x0000000615c00000|  0%| F|  |TAMS 0x0000000615800000| PB 0x0000000615800000| Untracked |  0
|  84|0x0000000615c00000, 0x0000000615c00000, 0x0000000616000000|  0%| F|  |TAMS 0x0000000615c00000| PB 0x0000000615c00000| Untracked |  0
|  85|0x0000000616000000, 0x0000000616000000, 0x0000000616400000|  0%| F|  |TAMS 0x0000000616000000| PB 0x0000000616000000| Untracked |  0
|  86|0x0000000616400000, 0x0000000616400000, 0x0000000616800000|  0%| F|  |TAMS 0x0000000616400000| PB 0x0000000616400000| Untracked |  0
|  87|0x0000000616800000, 0x0000000616800000, 0x0000000616c00000|  0%| F|  |TAMS 0x0000000616800000| PB 0x0000000616800000| Untracked |  0
|  88|0x0000000616c00000, 0x0000000616c00000, 0x0000000617000000|  0%| F|  |TAMS 0x0000000616c00000| PB 0x0000000616c00000| Untracked |  0
|  89|0x0000000617000000, 0x0000000617000000, 0x0000000617400000|  0%| F|  |TAMS 0x0000000617000000| PB 0x0000000617000000| Untracked |  0
|  90|0x0000000617400000, 0x0000000617400000, 0x0000000617800000|  0%| F|  |TAMS 0x0000000617400000| PB 0x0000000617400000| Untracked |  0
|  91|0x0000000617800000, 0x0000000617800000, 0x0000000617c00000|  0%| F|  |TAMS 0x0000000617800000| PB 0x0000000617800000| Untracked |  0
|  92|0x0000000617c00000, 0x0000000617c00000, 0x0000000618000000|  0%| F|  |TAMS 0x0000000617c00000| PB 0x0000000617c00000| Untracked |  0
|  93|0x0000000618000000, 0x0000000618000000, 0x0000000618400000|  0%| F|  |TAMS 0x0000000618000000| PB 0x0000000618000000| Untracked |  0
|  94|0x0000000618400000, 0x0000000618400000, 0x0000000618800000|  0%| F|  |TAMS 0x0000000618400000| PB 0x0000000618400000| Untracked |  0
|  95|0x0000000618800000, 0x0000000618800000, 0x0000000618c00000|  0%| F|  |TAMS 0x0000000618800000| PB 0x0000000618800000| Untracked |  0
|  96|0x0000000618c00000, 0x0000000618c00000, 0x0000000619000000|  0%| F|  |TAMS 0x0000000618c00000| PB 0x0000000618c00000| Untracked |  0
|  97|0x0000000619000000, 0x0000000619000000, 0x0000000619400000|  0%| F|  |TAMS 0x0000000619000000| PB 0x0000000619000000| Untracked |  0
|  98|0x0000000619400000, 0x0000000619400000, 0x0000000619800000|  0%| F|  |TAMS 0x0000000619400000| PB 0x0000000619400000| Untracked |  0
|  99|0x0000000619800000, 0x0000000619800000, 0x0000000619c00000|  0%| F|  |TAMS 0x0000000619800000| PB 0x0000000619800000| Untracked |  0
| 100|0x0000000619c00000, 0x0000000619c00000, 0x000000061a000000|  0%| F|  |TAMS 0x0000000619c00000| PB 0x0000000619c00000| Untracked |  0
| 101|0x000000061a000000, 0x000000061a000000, 0x000000061a400000|  0%| F|  |TAMS 0x000000061a000000| PB 0x000000061a000000| Untracked |  0
| 102|0x000000061a400000, 0x000000061a400000, 0x000000061a800000|  0%| F|  |TAMS 0x000000061a400000| PB 0x000000061a400000| Untracked |  0
| 103|0x000000061a800000, 0x000000061a800000, 0x000000061ac00000|  0%| F|  |TAMS 0x000000061a800000| PB 0x000000061a800000| Untracked |  0
| 104|0x000000061ac00000, 0x000000061ac00000, 0x000000061b000000|  0%| F|  |TAMS 0x000000061ac00000| PB 0x000000061ac00000| Untracked |  0
| 105|0x000000061b000000, 0x000000061b000000, 0x000000061b400000|  0%| F|  |TAMS 0x000000061b000000| PB 0x000000061b000000| Untracked |  0
| 106|0x000000061b400000, 0x000000061b400000, 0x000000061b800000|  0%| F|  |TAMS 0x000000061b400000| PB 0x000000061b400000| Untracked |  0
| 107|0x000000061b800000, 0x000000061b800000, 0x000000061bc00000|  0%| F|  |TAMS 0x000000061b800000| PB 0x000000061b800000| Untracked |  0
| 108|0x000000061bc00000, 0x000000061bc00000, 0x000000061c000000|  0%| F|  |TAMS 0x000000061bc00000| PB 0x000000061bc00000| Untracked |  0
| 109|0x000000061c000000, 0x000000061c000000, 0x000000061c400000|  0%| F|  |TAMS 0x000000061c000000| PB 0x000000061c000000| Untracked |  0
| 110|0x000000061c400000, 0x000000061c400000, 0x000000061c800000|  0%| F|  |TAMS 0x000000061c400000| PB 0x000000061c400000| Untracked |  0
| 111|0x000000061c800000, 0x000000061c800000, 0x000000061cc00000|  0%| F|  |TAMS 0x000000061c800000| PB 0x000000061c800000| Untracked |  0
| 112|0x000000061cc00000, 0x000000061cc00000, 0x000000061d000000|  0%| F|  |TAMS 0x000000061cc00000| PB 0x000000061cc00000| Untracked |  0
| 113|0x000000061d000000, 0x000000061d000000, 0x000000061d400000|  0%| F|  |TAMS 0x000000061d000000| PB 0x000000061d000000| Untracked |  0
| 114|0x000000061d400000, 0x000000061d400000, 0x000000061d800000|  0%| F|  |TAMS 0x000000061d400000| PB 0x000000061d400000| Untracked |  0
| 115|0x000000061d800000, 0x000000061d800000, 0x000000061dc00000|  0%| F|  |TAMS 0x000000061d800000| PB 0x000000061d800000| Untracked |  0
| 116|0x000000061dc00000, 0x000000061dc00000, 0x000000061e000000|  0%| F|  |TAMS 0x000000061dc00000| PB 0x000000061dc00000| Untracked |  0
| 117|0x000000061e000000, 0x000000061e000000, 0x000000061e400000|  0%| F|  |TAMS 0x000000061e000000| PB 0x000000061e000000| Untracked |  0
| 118|0x000000061e400000, 0x000000061e400000, 0x000000061e800000|  0%| F|  |TAMS 0x000000061e400000| PB 0x000000061e400000| Untracked |  0
| 119|0x000000061e800000, 0x000000061e800000, 0x000000061ec00000|  0%| F|  |TAMS 0x000000061e800000| PB 0x000000061e800000| Untracked |  0
| 120|0x000000061ec00000, 0x000000061ec00000, 0x000000061f000000|  0%| F|  |TAMS 0x000000061ec00000| PB 0x000000061ec00000| Untracked |  0
| 121|0x000000061f000000, 0x000000061f000000, 0x000000061f400000|  0%| F|  |TAMS 0x000000061f000000| PB 0x000000061f000000| Untracked |  0
| 122|0x000000061f400000, 0x000000061f400000, 0x000000061f800000|  0%| F|  |TAMS 0x000000061f400000| PB 0x000000061f400000| Untracked |  0
| 123|0x000000061f800000, 0x000000061fae14c8, 0x000000061fc00000| 72%| E|  |TAMS 0x000000061f800000| PB 0x000000061f800000| Complete |  0
| 124|0x000000061fc00000, 0x0000000620000000, 0x0000000620000000|100%| E|CS|TAMS 0x000000061fc00000| PB 0x000000061fc00000| Complete |  0
| 125|0x0000000620000000, 0x0000000620400000, 0x0000000620400000|100%| E|CS|TAMS 0x0000000620000000| PB 0x0000000620000000| Complete |  0
| 126|0x0000000620400000, 0x0000000620800000, 0x0000000620800000|100%| E|CS|TAMS 0x0000000620400000| PB 0x0000000620400000| Complete |  0
| 127|0x0000000620800000, 0x0000000620c00000, 0x0000000620c00000|100%| E|CS|TAMS 0x0000000620800000| PB 0x0000000620800000| Complete |  0
|2044|0x00000007ffc00000, 0x00000007ffd1c288, 0x0000000800000000| 27%| O|  |TAMS 0x00000007ffc00000| PB 0x00000007ffc00000| Untracked |  0

Card table byte_map: [0x0000019c177e0000,0x0000019c187e0000] _byte_map_base: 0x0000019c147da000

Marking Bits: (CMBitMap*) 0x0000019c7d5c6d00
 Bits: [0x0000019c187e0000, 0x0000019c207b0000)

Polling page: 0x0000019c7d1b0000

Metaspace:

Usage:
  Non-class:      3.04 MB used.
      Class:    302.17 KB used.
       Both:      3.34 MB used.

Virtual space:
  Non-class space:       64.00 MB reserved,       3.12 MB (  5%) committed,  1 nodes.
      Class space:        1.00 GB reserved,     384.00 KB ( <1%) committed,  1 nodes.
             Both:        1.06 GB reserved,       3.50 MB ( <1%) committed. 

Chunk freelists:
   Non-Class:  11.93 MB
       Class:  15.59 MB
        Both:  27.51 MB

MaxMetaspaceSize: unlimited
CompressedClassSpaceSize: 1.00 GB
Initial GC threshold: 21.00 MB
Current GC threshold: 21.00 MB
CDS: on
 - commit_granule_bytes: 65536.
 - commit_granule_words: 8192.
 - virtual_space_node_default_size: 8388608.
 - enlarge_chunks_in_place: 1.
UseCompressedClassPointers 1, UseCompactObjectHeaders 0
Narrow klass pointer bits 32, Max shift 3
Narrow klass base: 0x0000019c24000000, Narrow klass shift: 0
Encoding Range: [0x0000019c24000000 - 0x0000019d24000000), (4294967296 bytes)
Klass Range:    [0x0000019c24000000 - 0x0000019c65000000), (1090519040 bytes)
Klass ID Range:  [8 - 1090519033) (1090519025)


Internal statistics:

num_allocs_failed_limit: 0.
num_arena_births: 68.
num_arena_deaths: 0.
num_vsnodes_births: 2.
num_vsnodes_deaths: 0.
num_space_committed: 56.
num_space_uncommitted: 0.
num_chunks_returned_to_freelist: 0.
num_chunks_taken_from_freelist: 73.
num_chunk_merges: 0.
num_chunk_splits: 52.
num_chunks_enlarged: 33.
num_inconsistent_stats: 0.

CodeHeap 'non-profiled nmethods': size=120064Kb used=377Kb max_used=377Kb free=119686Kb
 bounds [0x0000019c102a0000, 0x0000019c10510000, 0x0000019c177e0000]
CodeHeap 'profiled nmethods': size=120000Kb used=1584Kb max_used=1584Kb free=118415Kb
 bounds [0x0000019c087e0000, 0x0000019c08a50000, 0x0000019c0fd10000]
CodeHeap 'non-nmethods': size=5696Kb used=1272Kb max_used=1315Kb free=4423Kb
 bounds [0x0000019c0fd10000, 0x0000019c0ff80000, 0x0000019c102a0000]
CodeCache: size=245760Kb, used=3233Kb, max_used=3276Kb, free=242524Kb
 total_blobs=1616, nmethods=1175, adapters=347, full_count=0
Compilation: enabled, stopped_count=0, restarted_count=0

Compilation events (20 events):
Event: 0.486 Thread 0x0000019c231b6750 nmethod 1168 0x0000019c102f9c88 code [0x0000019c102f9d80, 0x0000019c102f9e48]
Event: 0.486 Thread 0x0000019c231b6750 1169       1       jdk.jfr.internal.PlatformEventType::isEnabled (5 bytes)
Event: 0.486 Thread 0x0000019c231b6750 nmethod 1169 0x0000019c102f9f88 code [0x0000019c102fa080, 0x0000019c102fa148]
Event: 0.486 Thread 0x0000019c231b6750 1170       3       java.lang.String::endsWith (15 bytes)
Event: 0.486 Thread 0x0000019c231b6750 nmethod 1170 0x0000019c08968908 code [0x0000019c08968a60, 0x0000019c08969028]
Event: 0.486 Thread 0x0000019c231b6750 1171   !   3       jdk.jfr.internal.Control::setValue (102 bytes)
Event: 0.487 Thread 0x0000019c69ec1ef0 nmethod 1153 0x0000019c102fa288 code [0x0000019c102fa3a0, 0x0000019c102fa8c8]
Event: 0.487 Thread 0x0000019c231b6750 nmethod 1171 0x0000019c08969088 code [0x0000019c08969320, 0x0000019c0896a7a0]
Event: 0.489 Thread 0x0000019c23b8c840 nmethod 1123 0x0000019c102fa908 code [0x0000019c102fab60, 0x0000019c102fbaa8]
Event: 0.489 Thread 0x0000019c231b17b0 nmethod 1138 0x0000019c102fbb88 code [0x0000019c102fbe00, 0x0000019c102fdda0]
Event: 0.489 Thread 0x0000019c231b6750 1172       1       jdk.jfr.internal.periodic.EventTask::getEventType (5 bytes)
Event: 0.489 Thread 0x0000019c231b6750 nmethod 1172 0x0000019c102fde88 code [0x0000019c102fdf80, 0x0000019c102fe048]
Event: 0.489 Thread 0x0000019c231b6750 1174       3       java.util.Comparator$$Lambda/0x0000019c25073810::compare (10 bytes)
Event: 0.489 Thread 0x0000019c231b6750 nmethod 1174 0x0000019c0896a888 code [0x0000019c0896a9e0, 0x0000019c0896ae70]
Event: 0.489 Thread 0x0000019c231b6750 1175       3       java.util.Comparator::lambda$comparingLong$6043328a$1 (18 bytes)
Event: 0.489 Thread 0x0000019c231b6750 nmethod 1175 0x0000019c0896af08 code [0x0000019c0896b060, 0x0000019c0896b458]
Event: 0.489 Thread 0x0000019c231b6750 1176       3       java.lang.invoke.InnerClassLambdaMetafactory::classDesc (25 bytes)
Event: 0.490 Thread 0x0000019c231b6750 nmethod 1176 0x0000019c0896b488 code [0x0000019c0896b660, 0x0000019c0896c088]
Event: 0.490 Thread 0x0000019c231b6750 1173       1       jdk.jfr.internal.periodic.PeriodicTask::getPeriod (5 bytes)
Event: 0.490 Thread 0x0000019c231b6750 nmethod 1173 0x0000019c102fe188 code [0x0000019c102fe280, 0x0000019c102fe348]

GC Heap History (0 events):
No events

Dll operation events (9 events):
Event: 0.015 Loaded shared library D:\openjdk-24.0.1\bin\java.dll
Event: 0.042 Loaded shared library D:\openjdk-24.0.1\bin\jsvml.dll
Event: 0.084 Loaded shared library D:\openjdk-24.0.1\bin\zip.dll
Event: 0.088 Loaded shared library D:\openjdk-24.0.1\bin\instrument.dll
Event: 0.094 Loaded shared library D:\openjdk-24.0.1\bin\net.dll
Event: 0.098 Loaded shared library D:\openjdk-24.0.1\bin\nio.dll
Event: 0.103 Loaded shared library D:\openjdk-24.0.1\bin\zip.dll
Event: 0.126 Loaded shared library D:\openjdk-24.0.1\bin\extnet.dll
Event: 0.196 Loaded shared library D:\openjdk-24.0.1\bin\jimage.dll

Deoptimization events (20 events):
Event: 0.445 Thread 0x0000019c7d5190c0 Uncommon trap: trap_request=0xffffffd6 fr.pc=0x0000019c102ee09c relative=0x00000000000006bc
Event: 0.445 Thread 0x0000019c7d5190c0 Uncommon trap: reason=array_check action=maybe_recompile pc=0x0000019c102ee09c method=jdk.internal.classfile.impl.SplitConstantPool.internalAdd(Ljava/lang/classfile/constantpool/PoolEntry;I)Ljava/lang/classfile/constantpool/PoolEntry; @ 46 c2
Event: 0.445 Thread 0x0000019c7d5190c0 DEOPT PACKING pc=0x0000019c102ee09c sp=0x0000000361efd330
Event: 0.445 Thread 0x0000019c7d5190c0 DEOPT UNPACKING pc=0x0000019c0fe24c02 sp=0x0000000361efd2e0 mode 2
Event: 0.446 Thread 0x0000019c7d5190c0 Uncommon trap: trap_request=0xffffffd6 fr.pc=0x0000019c102ee09c relative=0x00000000000006bc
Event: 0.446 Thread 0x0000019c7d5190c0 Uncommon trap: reason=array_check action=maybe_recompile pc=0x0000019c102ee09c method=jdk.internal.classfile.impl.SplitConstantPool.internalAdd(Ljava/lang/classfile/constantpool/PoolEntry;I)Ljava/lang/classfile/constantpool/PoolEntry; @ 46 c2
Event: 0.446 Thread 0x0000019c7d5190c0 DEOPT PACKING pc=0x0000019c102ee09c sp=0x0000000361efd1a0
Event: 0.446 Thread 0x0000019c7d5190c0 DEOPT UNPACKING pc=0x0000019c0fe24c02 sp=0x0000000361efd150 mode 2
Event: 0.446 Thread 0x0000019c7d5190c0 Uncommon trap: trap_request=0xffffffd6 fr.pc=0x0000019c102ee09c relative=0x00000000000006bc
Event: 0.446 Thread 0x0000019c7d5190c0 Uncommon trap: reason=array_check action=maybe_recompile pc=0x0000019c102ee09c method=jdk.internal.classfile.impl.SplitConstantPool.internalAdd(Ljava/lang/classfile/constantpool/PoolEntry;I)Ljava/lang/classfile/constantpool/PoolEntry; @ 46 c2
Event: 0.446 Thread 0x0000019c7d5190c0 DEOPT PACKING pc=0x0000019c102ee09c sp=0x0000000361efd130
Event: 0.446 Thread 0x0000019c7d5190c0 DEOPT UNPACKING pc=0x0000019c0fe24c02 sp=0x0000000361efd0e0 mode 2
Event: 0.470 Thread 0x0000019c7d5190c0 Uncommon trap: trap_request=0xffffff4d fr.pc=0x0000019c102f5d1c relative=0x00000000000003fc
Event: 0.470 Thread 0x0000019c7d5190c0 Uncommon trap: reason=unstable_if action=reinterpret pc=0x0000019c102f5d1c method=java.io.ByteArrayOutputStream.ensureCapacity(I)V @ 11 c2
Event: 0.470 Thread 0x0000019c7d5190c0 DEOPT PACKING pc=0x0000019c102f5d1c sp=0x0000000361efe080
Event: 0.470 Thread 0x0000019c7d5190c0 DEOPT UNPACKING pc=0x0000019c0fe24c02 sp=0x0000000361efdf70 mode 2
Event: 0.475 Thread 0x0000019c7d5190c0 Uncommon trap: trap_request=0xffffff4d fr.pc=0x0000019c102f573c relative=0x000000000000021c
Event: 0.475 Thread 0x0000019c7d5190c0 Uncommon trap: reason=unstable_if action=reinterpret pc=0x0000019c102f573c method=java.io.ByteArrayOutputStream.ensureCapacity(I)V @ 11 c2
Event: 0.475 Thread 0x0000019c7d5190c0 DEOPT PACKING pc=0x0000019c102f573c sp=0x0000000361efdf40
Event: 0.475 Thread 0x0000019c7d5190c0 DEOPT UNPACKING pc=0x0000019c0fe24c02 sp=0x0000000361efde88 mode 2

Classes loaded (20 events):
Event: 0.451 Loading class jdk/jfr/internal/MetadataWriter
Event: 0.451 Loading class jdk/jfr/internal/MetadataWriter done
Event: 0.451 Loading class jdk/jfr/internal/MetadataDescriptor$Element
Event: 0.451 Loading class jdk/jfr/internal/MetadataDescriptor$Element done
Event: 0.452 Loading class jdk/jfr/internal/MetadataDescriptor$Attribute
Event: 0.452 Loading class jdk/jfr/internal/MetadataDescriptor$Attribute done
Event: 0.464 Loading class jdk/jfr/internal/consumer/StringParser$Encoding
Event: 0.464 Loading class jdk/jfr/internal/consumer/StringParser$Encoding done
Event: 0.478 Loading class jdk/jfr/internal/consumer/RepositoryFiles
Event: 0.478 Loading class jdk/jfr/internal/consumer/RepositoryFiles done
Event: 0.481 Loading class jdk/jfr/internal/SettingsManager$InternalSetting
Event: 0.481 Loading class jdk/jfr/internal/SettingsManager$InternalSetting done
Event: 0.483 Loading class jdk/jfr/internal/util/Rate
Event: 0.484 Loading class jdk/jfr/internal/util/Rate done
Event: 0.484 Loading class jdk/jfr/internal/util/TimespanUnit
Event: 0.484 Loading class jdk/jfr/internal/util/TimespanUnit done
Event: 0.484 Loading class jdk/jfr/internal/util/ValueParser
Event: 0.484 Loading class jdk/jfr/internal/util/ValueParser done
Event: 0.486 Loading class jdk/jfr/internal/periodic/PeriodicType
Event: 0.486 Loading class jdk/jfr/internal/periodic/PeriodicType done

Classes unloaded (0 events):
No events

Classes redefined (0 events):
No events

Internal exceptions (18 events):
Event: 0.104 Thread 0x0000019c7d5190c0 Exception <a 'java/lang/NoSuchMethodError'{0x000000062041a0c8}: 'void java.lang.invoke.DirectMethodHandle$Holder.invokeStatic(java.lang.Object, java.lang.Object, java.lang.Object)'> (0x000000062041a0c8) 
thrown [s\open\src\hotspot\share\interpreter\linkResolver.cpp, line 805]
Event: 0.112 Thread 0x0000019c7d5190c0 Exception <a 'java/lang/NoSuchMethodError'{0x000000062044ec88}: 'java.lang.Object java.lang.invoke.Invokers$Holder.invokeExact_MT(java.lang.Object, java.lang.Object, java.lang.Object, java.lang.Object, java.lang.Object)'> (0x000000062044ec88) 
thrown [s\open\src\hotspot\share\interpreter\linkResolver.cpp, line 805]
Event: 0.121 Thread 0x0000019c7d5190c0 Exception <a 'java/lang/NoSuchMethodError'{0x000000062045fcd8}: 'java.lang.Object java.lang.invoke.DirectMethodHandle$Holder.invokeStaticInit(java.lang.Object, java.lang.Object, java.lang.Object)'> (0x000000062045fcd8) 
thrown [s\open\src\hotspot\share\interpreter\linkResolver.cpp, line 805]
Event: 0.124 Thread 0x0000019c2317d970 Exception <a 'java/lang/NoSuchMethodError'{0x00000006204fad90}: 'java.lang.Object java.lang.invoke.DirectMethodHandle$Holder.invokeStaticInit(java.lang.Object)'> (0x00000006204fad90) 
thrown [s\open\src\hotspot\share\interpreter\linkResolver.cpp, line 805]
Event: 0.128 Thread 0x0000019c2317d970 Exception <a 'java/lang/NoSuchMethodError'{0x0000000620505960}: 'void java.lang.invoke.DirectMethodHandle$Holder.invokeStatic(java.lang.Object, java.lang.Object)'> (0x0000000620505960) 
thrown [s\open\src\hotspot\share\interpreter\linkResolver.cpp, line 805]
Event: 0.220 Thread 0x0000019c7d5190c0 Exception <a 'java/lang/NoSuchMethodError'{0x000000062074d6e0}: 'void java.lang.invoke.DirectMethodHandle$Holder.invokeStaticInit(java.lang.Object)'> (0x000000062074d6e0) 
thrown [s\open\src\hotspot\share\interpreter\linkResolver.cpp, line 805]
Event: 0.238 Thread 0x0000019c7d5190c0 Exception <a 'java/lang/NoSuchMethodError'{0x00000006207be798}: 'void java.lang.invoke.DirectMethodHandle$Holder.invokeSpecial(java.lang.Object, java.lang.Object, java.lang.Object)'> (0x00000006207be798) 
thrown [s\open\src\hotspot\share\interpreter\linkResolver.cpp, line 805]
Event: 0.254 Thread 0x0000019c7d5190c0 Exception <a 'java/lang/NoSuchMethodError'{0x0000000620025fb8}: 'java.lang.Object java.lang.invoke.DirectMethodHandle$Holder.newInvokeSpecial(java.lang.Object, java.lang.Object, java.lang.Object, java.lang.Object, java.lang.Object)'> (0x0000000620025fb8) 
thrown [s\open\src\hotspot\share\interpreter\linkResolver.cpp, line 805]
Event: 0.304 Thread 0x0000019c7d5190c0 Exception <a 'java/lang/NoSuchMethodError'{0x00000006201bc718}: 'long java.lang.invoke.DirectMethodHandle$Holder.invokeVirtual(java.lang.Object, java.lang.Object)'> (0x00000006201bc718) 
thrown [s\open\src\hotspot\share\interpreter\linkResolver.cpp, line 805]
Event: 0.361 Thread 0x0000019c7d5190c0 Exception <a 'java/lang/NoSuchMethodError'{0x000000061fc14200}: 'int java.lang.invoke.DirectMethodHandle$Holder.invokeSpecial(java.lang.Object, java.lang.Object, java.lang.Object)'> (0x000000061fc14200) 
thrown [s\open\src\hotspot\share\interpreter\linkResolver.cpp, line 805]
Event: 0.426 Thread 0x0000019c7d5190c0 Exception <a 'java/lang/NoSuchMethodError'{0x000000061fdd6e28}: 'void java.lang.invoke.DirectMethodHandle$Holder.invokeSpecial(java.lang.Object, java.lang.Object, int)'> (0x000000061fdd6e28) 
thrown [s\open\src\hotspot\share\interpreter\linkResolver.cpp, line 805]
Event: 0.427 Thread 0x0000019c7d5190c0 Exception <a 'java/lang/NoSuchMethodError'{0x000000061fddea48}: 'void java.lang.invoke.Invokers$Holder.invokeExact_MT(java.lang.Object, int, java.lang.Object)'> (0x000000061fddea48) 
thrown [s\open\src\hotspot\share\interpreter\linkResolver.cpp, line 805]
Event: 0.430 Thread 0x0000019c7d5190c0 Exception <a 'java/lang/NoSuchMethodError'{0x000000061fdf9540}: 'void java.lang.invoke.DirectMethodHandle$Holder.invokeStatic(java.lang.Object, java.lang.Object, int)'> (0x000000061fdf9540) 
thrown [s\open\src\hotspot\share\interpreter\linkResolver.cpp, line 805]
Event: 0.431 Thread 0x0000019c7d5190c0 Exception <a 'java/lang/NoSuchMethodError'{0x000000061fe08630}: 'java.lang.Object java.lang.invoke.DirectMethodHandle$Holder.newInvokeSpecial(java.lang.Object, java.lang.Object, int)'> (0x000000061fe08630) 
thrown [s\open\src\hotspot\share\interpreter\linkResolver.cpp, line 805]
Event: 0.432 Thread 0x0000019c69066f80 Exception <a 'java/lang/NoSuchMethodError'{0x000000061fee67e8}: 'long java.lang.invoke.DirectMethodHandle$Holder.invokeSpecial(java.lang.Object, java.lang.Object)'> (0x000000061fee67e8) 
thrown [s\open\src\hotspot\share\interpreter\linkResolver.cpp, line 805]
Event: 0.438 Thread 0x0000019c7d5190c0 Exception <a 'sun/nio/fs/WindowsException'{0x000000061fe3d740}> (0x000000061fe3d740) 
thrown [s\open\src\hotspot\share\prims\jni.cpp, line 518]
Event: 0.441 Thread 0x0000019c7d5190c0 Exception <a 'sun/nio/fs/WindowsException'{0x000000061fe4a5d0}> (0x000000061fe4a5d0) 
thrown [s\open\src\hotspot\share\prims\jni.cpp, line 518]
Event: 0.447 Thread 0x0000019c7d5190c0 Exception <a 'sun/nio/fs/WindowsException'{0x000000061fe5c320}> (0x000000061fe5c320) 
thrown [s\open\src\hotspot\share\prims\jni.cpp, line 518]

VM Operations (6 events):
Event: 0.433 Executing VM operation: HandshakeAllThreads (Deoptimize)
Event: 0.433 Executing VM operation: HandshakeAllThreads (Deoptimize) done
Event: 0.436 Executing VM operation: HandshakeAllThreads (Deoptimize)
Event: 0.436 Executing VM operation: HandshakeAllThreads (Deoptimize) done
Event: 0.479 Executing VM operation: JFRSafepointClear
Event: 0.479 Executing VM operation: JFRSafepointClear done

Memory protections (0 events):
No events

Nmethod flushes (0 events):
No events

Events (15 events):
Event: 0.030 Thread 0x0000019c7d5190c0 Thread added: 0x0000019c7d5190c0
Event: 0.040 Thread 0x0000019c7d5190c0 Thread added: 0x0000019c2316e2d0
Event: 0.040 Thread 0x0000019c7d5190c0 Thread added: 0x0000019c2316ffa0
Event: 0.041 Thread 0x0000019c7d5190c0 Thread added: 0x0000019c2317ad90
Event: 0.041 Thread 0x0000019c7d5190c0 Thread added: 0x0000019c2317b4e0
Event: 0.041 Thread 0x0000019c7d5190c0 Thread added: 0x0000019c2317bc30
Event: 0.041 Thread 0x0000019c7d5190c0 Thread added: 0x0000019c2317c380
Event: 0.041 Thread 0x0000019c7d5190c0 Thread added: 0x0000019c231b17b0
Event: 0.041 Thread 0x0000019c7d5190c0 Thread added: 0x0000019c231b6750
Event: 0.091 Thread 0x0000019c7d5190c0 Thread added: 0x0000019c2317a640
Event: 0.115 Thread 0x0000019c7d5190c0 Thread added: 0x0000019c2317d970
Event: 0.198 Thread 0x0000019c231b6750 Thread added: 0x0000019c23b8c840
Event: 0.216 Thread 0x0000019c7d5190c0 Thread added: 0x0000019c2317cad0
Event: 0.322 Thread 0x0000019c231b6750 Thread added: 0x0000019c69ec1ef0
Event: 0.432 Thread 0x0000019c7d5190c0 Thread added: 0x0000019c69066f80


Dynamic libraries:
0x00007ff6e8f70000 - 0x00007ff6e8f7e000 	D:\openjdk-24.0.1\bin\java.exe
0x00007ffc2b050000 - 0x00007ffc2b248000 	C:\WINDOWS\SYSTEM32\ntdll.dll
0x00007ffc29190000 - 0x00007ffc29252000 	C:\WINDOWS\System32\KERNEL32.DLL
0x00007ffc28950000 - 0x00007ffc28c46000 	C:\WINDOWS\System32\KERNELBASE.dll
0x00007ffc286f0000 - 0x00007ffc287f0000 	C:\WINDOWS\System32\ucrtbase.dll
0x00007ffc07e00000 - 0x00007ffc07e16000 	D:\openjdk-24.0.1\bin\jli.dll
0x00007ffc133c0000 - 0x00007ffc133db000 	D:\openjdk-24.0.1\bin\VCRUNTIME140.dll
0x00007ffc2a9a0000 - 0x00007ffc2ab3d000 	C:\WINDOWS\System32\USER32.dll
0x00007ffc288f0000 - 0x00007ffc28912000 	C:\WINDOWS\System32\win32u.dll
0x00007ffc29160000 - 0x00007ffc2918b000 	C:\WINDOWS\System32\GDI32.dll
0x00007ffc13500000 - 0x00007ffc1379a000 	C:\WINDOWS\WinSxS\amd64_microsoft.windows.common-controls_6595b64144ccf1df_6.0.19041.5794_none_60bcd33171f2783c\COMCTL32.dll
0x00007ffc28f60000 - 0x00007ffc2907a000 	C:\WINDOWS\System32\gdi32full.dll
0x00007ffc29b30000 - 0x00007ffc29bce000 	C:\WINDOWS\System32\msvcrt.dll
0x00007ffc28ec0000 - 0x00007ffc28f5d000 	C:\WINDOWS\System32\msvcp_win.dll
0x00007ffc29080000 - 0x00007ffc290af000 	C:\WINDOWS\System32\IMM32.DLL
0x00007ffc0a7e0000 - 0x00007ffc0a7ec000 	D:\openjdk-24.0.1\bin\vcruntime140_1.dll
0x00007ffbe9190000 - 0x00007ffbe921e000 	D:\openjdk-24.0.1\bin\msvcp140.dll
0x00007ffb90720000 - 0x00007ffb914c2000 	D:\openjdk-24.0.1\bin\server\jvm.dll
0x00007ffc29fe0000 - 0x00007ffc2a08f000 	C:\WINDOWS\System32\ADVAPI32.dll
0x00007ffc29260000 - 0x00007ffc292ff000 	C:\WINDOWS\System32\sechost.dll
0x00007ffc2a090000 - 0x00007ffc2a1b3000 	C:\WINDOWS\System32\RPCRT4.dll
0x00007ffc28920000 - 0x00007ffc28947000 	C:\WINDOWS\System32\bcrypt.dll
0x00007ffc2a260000 - 0x00007ffc2a2cb000 	C:\WINDOWS\System32\WS2_32.dll
0x00007ffc27c30000 - 0x00007ffc27c7b000 	C:\WINDOWS\SYSTEM32\POWRPROF.dll
0x00007ffc1a820000 - 0x00007ffc1a847000 	C:\WINDOWS\SYSTEM32\WINMM.dll
0x00007ffc257d0000 - 0x00007ffc257da000 	C:\WINDOWS\SYSTEM32\VERSION.dll
0x00007ffc27af0000 - 0x00007ffc27b02000 	C:\WINDOWS\SYSTEM32\UMPDC.dll
0x00007ffc26580000 - 0x00007ffc26592000 	C:\WINDOWS\SYSTEM32\kernel.appcore.dll
0x00007ffc0a7b0000 - 0x00007ffc0a7ba000 	D:\openjdk-24.0.1\bin\jimage.dll
0x00007ffc19e90000 - 0x00007ffc1a091000 	C:\WINDOWS\SYSTEM32\DBGHELP.DLL
0x00007ffc0d800000 - 0x00007ffc0d834000 	C:\WINDOWS\SYSTEM32\dbgcore.DLL
0x00007ffc28e30000 - 0x00007ffc28eb2000 	C:\WINDOWS\System32\bcryptPrimitives.dll
0x00007ffc0a6b0000 - 0x00007ffc0a6bf000 	D:\openjdk-24.0.1\bin\instrument.dll
0x00007ffc06d60000 - 0x00007ffc06d7e000 	D:\openjdk-24.0.1\bin\java.dll
0x00007ffc2ae80000 - 0x00007ffc2afab000 	C:\WINDOWS\System32\ole32.dll
0x00007ffc29c80000 - 0x00007ffc29fd3000 	C:\WINDOWS\System32\combase.dll
0x00007ffc293b0000 - 0x00007ffc29b1e000 	C:\WINDOWS\System32\SHELL32.dll
0x00007ffbe6cc0000 - 0x00007ffbe6eb8000 	C:\Users\woz\AppData\Local\Temp\idea_libasyncProfiler_dll_temp_folder\libasyncProfiler.dll
0x00007ffc26780000 - 0x00007ffc26f23000 	C:\WINDOWS\SYSTEM32\windows.storage.dll
0x00007ffc28120000 - 0x00007ffc2814b000 	C:\WINDOWS\SYSTEM32\Wldp.dll
0x00007ffc2ad50000 - 0x00007ffc2ae1d000 	C:\WINDOWS\System32\OLEAUT32.dll
0x00007ffc29bd0000 - 0x00007ffc29c7d000 	C:\WINDOWS\System32\SHCORE.dll
0x00007ffc2ae20000 - 0x00007ffc2ae75000 	C:\WINDOWS\System32\shlwapi.dll
0x00007ffc28620000 - 0x00007ffc28645000 	C:\WINDOWS\SYSTEM32\profapi.dll
0x00007ffbe6fc0000 - 0x00007ffbe7097000 	D:\openjdk-24.0.1\bin\jsvml.dll
0x00007ffc043d0000 - 0x00007ffc043e7000 	D:\openjdk-24.0.1\bin\zip.dll
0x00007ffc08460000 - 0x00007ffc08470000 	D:\openjdk-24.0.1\bin\net.dll
0x00007ffc27e80000 - 0x00007ffc27eec000 	C:\WINDOWS\system32\mswsock.dll
0x00007ffc04d50000 - 0x00007ffc04d66000 	D:\openjdk-24.0.1\bin\nio.dll
0x00007ffc08270000 - 0x00007ffc08279000 	D:\openjdk-24.0.1\bin\extnet.dll

JVMTI agents:
C:\Program Files\JetBrains\IntelliJ IDEA 2025.1.1.1\lib\idea_rt.jar path:D:\openjdk-24.0.1\bin\instrument.dll, loaded, initialized, instrumentlib options:7610
C:\Users\woz\AppData\Local\Temp\idea_libasyncProfiler_dll_temp_folder\libasyncProfiler.dll path:C:\Users\woz\AppData\Local\Temp\idea_libasyncProfiler_dll_temp_folder\libasyncProfiler.dll, loaded, initialized, options:start,jfr,event=wall,interval=10ms,jfrsync=profile,cstack=no,file=C:\Users\woz\IdeaSnapshots\week1_1_2025_05_25_022123.jfr,dbghelppath=C:\Users\woz\AppData\Local\Temp\idea_dbghelp_dll_temp_folder\dbghelp.dll,log=C:\Users\woz\AppData\Local\Temp\week1_1_2025_05_25_022123.jfr.log.txt,logLevel=DEBUG

dbghelp: loaded successfully - version: 4.0.5 - missing functions: none
symbol engine: initialized successfully - sym options: 0x614 - pdb path: .;D:\openjdk-24.0.1\bin;C:\WINDOWS\SYSTEM32;C:\WINDOWS\WinSxS\amd64_microsoft.windows.common-controls_6595b64144ccf1df_6.0.19041.5794_none_60bcd33171f2783c;D:\openjdk-24.0.1\bin\server;C:\Users\woz\AppData\Local\Temp\idea_libasyncProfiler_dll_temp_folder

VM Arguments:
jvm_args: -javaagent:C:\Program Files\JetBrains\IntelliJ IDEA 2025.1.1.1\lib\idea_rt.jar=7610 -agentpath:C:\Users\woz\AppData\Local\Temp\idea_libasyncProfiler_dll_temp_folder\libasyncProfiler.dll=start,jfr,event=wall,interval=10ms,jfrsync=profile,cstack=no,file=C:\Users\woz\IdeaSnapshots\week1_1_2025_05_25_022123.jfr,dbghelppath=C:\Users\woz\AppData\Local\Temp\idea_dbghelp_dll_temp_folder\dbghelp.dll,log=C:\Users\woz\AppData\Local\Temp\week1_1_2025_05_25_022123.jfr.log.txt,logLevel=DEBUG -Dfile.encoding=UTF-8 -Dsun.stdout.encoding=UTF-8 -Dsun.stderr.encoding=UTF-8 
java_command: HWjava.week1_1
java_class_path (initial): D:\Study_2025\out\production\Study_2025
Launcher Type: SUN_STANDARD

[Global flags]
     intx CICompilerCount                          = 4                                         {product} {ergonomic}
     uint ConcGCThreads                            = 3                                         {product} {ergonomic}
     bool FlightRecorder                           = true                                      {product} {management}
     uint G1ConcRefinementThreads                  = 10                                        {product} {ergonomic}
   size_t G1HeapRegionSize                         = 4194304                                   {product} {ergonomic}
   size_t InitialHeapSize                          = 536870912                                 {product} {ergonomic}
   size_t MarkStackSize                            = 4194304                                   {product} {ergonomic}
   size_t MarkStackSizeMax                         = 536870912                                 {product} {ergonomic}
   size_t MaxHeapSize                              = 8577351680                                {product} {ergonomic}
   size_t MaxNewSize                               = 5146411008                                {product} {ergonomic}
   size_t MinHeapDeltaBytes                        = 4194304                                   {product} {ergonomic}
   size_t MinHeapSize                              = 8388608                                   {product} {ergonomic}
    uintx NonNMethodCodeHeapSize                   = 5832704                                {pd product} {ergonomic}
    uintx NonProfiledCodeHeapSize                  = 122945536                              {pd product} {ergonomic}
    uintx ProfiledCodeHeapSize                     = 122880000                              {pd product} {ergonomic}
    uintx ReservedCodeCacheSize                    = 251658240                              {pd product} {ergonomic}
     bool SegmentedCodeCache                       = true                                      {product} {ergonomic}
   size_t SoftMaxHeapSize                          = 8577351680                             {manageable} {ergonomic}
     bool UseCompressedOops                        = true                           {product lp64_product} {ergonomic}
     bool UseG1GC                                  = true                                      {product} {ergonomic}
     bool UseLargePagesIndividualAllocation        = false                                  {pd product} {ergonomic}

Logging:
Log output configuration:
 #0: stdout all=warning uptime,level,tags foldmultilines=false
 #1: stderr all=off uptime,level,tags foldmultilines=false

Environment Variables:
JAVA_HOME=D:\Eclipse Adoptium\jdk-21.0.7.6-hotspot
PATH=C:\Program Files\Eclipse Adoptium\jdk-21.0.7.6-hotspot\bin;C:\Program Files\Java\jdk-11\bin;C:\Program Files\Common Files\Oracle\Java\javapath;C:\Program Files (x86)\NVIDIA Corporation\PhysX\Common;C:\WINDOWS\system32;C:\WINDOWS;C:\WINDOWS\System32\Wbem;C:\WINDOWS\System32\WindowsPowerShell\v1.0\;C:\WINDOWS\System32\OpenSSH\;C:\Program Files (x86)\Windows Kits\10\Windows Performance Toolkit\;C:\Program Files\Git\cmd;D:\Eclipse Adoptium\jdk-21.0.7.6-hotspot\bin;C:\Users\woz\AppData\Local\Programs\Python\Python310\Scripts\;C:\Users\woz\AppData\Local\Programs\Python\Python310\;C:\Users\woz\AppData\Local\Microsoft\WindowsApps;C:\Users\woz\AppData\Local\afreeca;D:\ \PyCharm Community Edition 2024.3.2\bin;;C:\Users\woz\AppData\Local\SOOP;C:\Users\woz\AppData\Local\GitHubDesktop\bin;C:\venvs;C:\venvs;C:\Users\woz\AppData\Local\Programs\Microsoft VS Code\bin;D:\MSYS2\ucrt64\bin;;C:\Program Files\JetBrains\IntelliJ IDEA 2025.1.1.1\bin;;C:\Program Files\JetBrains\CLion 2025.1.1\bin;
USERNAME=woz
OS=Windows_NT
PROCESSOR_IDENTIFIER=AMD64 Family 23 Model 8 Stepping 2, AuthenticAMD
TMP=C:\Users\woz\AppData\Local\Temp
TEMP=C:\Users\woz\AppData\Local\Temp




Periodic native trim disabled

---------------  S Y S T E M  ---------------

OS:
 Windows 10 , 64 bit Build 19041 (10.0.19041.5794)
OS uptime: 0 days 3:37 hours

CPU: total 12 (initial active 12) (12 cores per cpu, 2 threads per core) family 23 model 8 stepping 2 microcode 0x0, cx8, cmov, fxsr, ht, mmx, 3dnowpref, sse, sse2, sse3, ssse3, sse4a, sse4.1, sse4.2, popcnt, lzcnt, tsc, tscinvbit, avx, avx2, aes, clmul, bmi1, bmi2, adx, sha, fma, vzeroupper, clflush, clflushopt, rdtscp, f16c
Processor Information for the first 12 processors :
  Max Mhz: 3600, Current Mhz: 3600, Mhz Limit: 3600

Memory: 4k page, system-wide physical 32719M (19234M free)
TotalPageFile size 37583M (AvailPageFile size 15468M)
current process WorkingSet (physical memory assigned to process): 73M, peak: 73M
current process commit charge ("private bytes"): 653M, peak: 655M

vm_info: OpenJDK 64-Bit Server VM (24.0.1+9-30) for windows-amd64 JRE (24.0.1+9-30), built on 2025-03-05T07:23:45Z with MS VC++ 17.6 (VS2022)

END.
